<?xml version="1.0" encoding="UTF-8"?>
<!-- Generated by org.testng.reporters.JUnitXMLReporter -->
<testsuite ignored="0" hostname="LAPTOP-U4TG294C" failures="4" tests="5" name="Add Customer Test" time="22.036" errors="0" timestamp="2021-10-24T16:37:31 IST">
  <testcase classname="com.sar.testcases.AddCustomerTest" name="addCustomer" time="5.421">
    <failure type="java.lang.AssertionError" message="customer not added successfully">
      <![CDATA[java.lang.AssertionError: customer not added successfully
at com.sar.testcases.AddCustomerTest.addCustomer(AddCustomerTest.java:41)
at java.base/java.util.ArrayList.forEach(ArrayList.java:1511)
... Removed 28 stack frames]]>
    </failure>
  </testcase> <!-- addCustomer -->
  <testcase classname="com.sar.testcases.AddCustomerTest" name="addCustomer" time="5.266">
    <failure type="java.lang.AssertionError" message="customer not added successfully">
      <![CDATA[java.lang.AssertionError: customer not added successfully
at com.sar.testcases.AddCustomerTest.addCustomer(AddCustomerTest.java:41)
at java.base/java.util.ArrayList.forEach(ArrayList.java:1511)
... Removed 28 stack frames]]>
    </failure>
  </testcase> <!-- addCustomer -->
  <testcase classname="com.sar.testcases.AddCustomerTest" name="addCustomer" time="5.246">
    <failure type="java.lang.AssertionError" message="customer not added successfully">
      <![CDATA[java.lang.AssertionError: customer not added successfully
at com.sar.testcases.AddCustomerTest.addCustomer(AddCustomerTest.java:41)
at java.base/java.util.ArrayList.forEach(ArrayList.java:1511)
... Removed 28 stack frames]]>
    </failure>
  </testcase> <!-- addCustomer -->
  <testcase classname="com.sar.testcases.AddCustomerTest" name="addCustomer" time="0.001">
    <skipped/>
  </testcase> <!-- addCustomer -->
  <testcase classname="com.sar.testcases.AddCustomerTest" name="addCustomer" time="5.235">
    <failure type="java.lang.AssertionError" message="customer not added successfully">
      <![CDATA[java.lang.AssertionError: customer not added successfully
at com.sar.testcases.AddCustomerTest.addCustomer(AddCustomerTest.java:41)
at java.base/java.util.ArrayList.forEach(ArrayList.java:1511)
... Removed 28 stack frames]]>
    </failure>
  </testcase> <!-- addCustomer -->
</testsuite> <!-- Add Customer Test -->
