<?xml version="1.0" encoding="UTF-8"?>
<!-- Generated by org.testng.reporters.JUnitXMLReporter -->
<testsuite ignored="0" hostname="LAPTOP-U4TG294C" failures="1" tests="1" name="Bank Manager Login Test" time="5.657" errors="0" timestamp="2022-02-08T18:20:43 IST">
  <testcase classname="com.sar.testcases.BankManagerLoginTest" name="loginAsBankManager" time="5.221">
    <failure type="java.lang.AssertionError" message="log in Test is not successful">
      <![CDATA[java.lang.AssertionError: log in Test is not successful
at com.sar.testcases.BankManagerLoginTest.loginAsBankManager(BankManagerLoginTest.java:31)
at java.base/java.util.ArrayList.forEach(ArrayList.java:1541)
... Removed 28 stack frames]]>
    </failure>
  </testcase> <!-- loginAsBankManager -->
</testsuite> <!-- Bank Manager Login Test -->
