<?xml version="1.0" encoding="UTF-8"?>
<testsuite name="Add Customer Test"
           tests="2"
           failures="1"
           errors="0"
           skipped="0"
           time="14.959">
  <properties />
            <testcase name="addCustomer" time="9.176" classname="com.sar.testcases.AddCustomerTest">
                <failure type="org.openqa.selenium.UnhandledAlertException"
                  message="unexpected alert open: {Alert text : Customer added successfully with customer id :7}
  (Session info: chrome=98.0.4758.82): Customer added successfully with customer id :7
Build info: version: &apos;3.141.59&apos;, revision: &apos;e82be7d358&apos;, time: &apos;2018-11-14T08:17:03&apos;
System info: host: &apos;LAPTOP-U4TG294C&apos;, ip: &apos;192.168.0.108&apos;, os.name: &apos;Windows 10&apos;, os.arch: &apos;amd64&apos;, os.version: &apos;10.0&apos;, java.version: &apos;11.0.13&apos;
Driver info: org.openqa.selenium.chrome.ChromeDriver
Capabilities {acceptInsecureCerts: false, browserName: chrome, browserVersion: 98.0.4758.82, chrome: {chromedriverVersion: 97.0.4692.71 (adefa7837d02a..., userDataDir: C:\Users\sarve\AppData\Loca...}, goog:chromeOptions: {debuggerAddress: localhost:63351}, javascriptEnabled: true, networkConnectionEnabled: false, pageLoadStrategy: normal, platform: WINDOWS, platformName: WINDOWS, proxy: Proxy(), setWindowRect: true, strictFileInteractability: false, timeouts: {implicit: 0, pageLoad: 300000, script: 30000}, unhandledPromptBehavior: dismiss and notify, webauthn:extension:credBlob: true, webauthn:extension:largeBlob: true, webauthn:virtualAuthenticators: true}
Session ID: 451677218e2b2691035e22b0ecf237c0"
              >
<![CDATA[org.openqa.selenium.UnhandledAlertException: unexpected alert open: {Alert text : Customer added successfully with customer id :7}
  (Session info: chrome=98.0.4758.82): Customer added successfully with customer id :7
Build info: version: '3.141.59', revision: 'e82be7d358', time: '2018-11-14T08:17:03'
System info: host: 'LAPTOP-U4TG294C', ip: '192.168.0.108', os.name: 'Windows 10', os.arch: 'amd64', os.version: '10.0', java.version: '11.0.13'
Driver info: org.openqa.selenium.chrome.ChromeDriver
Capabilities {acceptInsecureCerts: false, browserName: chrome, browserVersion: 98.0.4758.82, chrome: {chromedriverVersion: 97.0.4692.71 (adefa7837d02a..., userDataDir: C:\Users\sarve\AppData\Loca...}, goog:chromeOptions: {debuggerAddress: localhost:63351}, javascriptEnabled: true, networkConnectionEnabled: false, pageLoadStrategy: normal, platform: WINDOWS, platformName: WINDOWS, proxy: Proxy(), setWindowRect: true, strictFileInteractability: false, timeouts: {implicit: 0, pageLoad: 300000, script: 30000}, unhandledPromptBehavior: dismiss and notify, webauthn:extension:credBlob: true, webauthn:extension:largeBlob: true, webauthn:virtualAuthenticators: true}
Session ID: 451677218e2b2691035e22b0ecf237c0
  org.openqa.selenium.remote.http.W3CHttpResponseCodec.decode(W3CHttpResponseCodec.java:120)
  org.openqa.selenium.remote.http.W3CHttpResponseCodec.decode(W3CHttpResponseCodec.java:49)
  org.openqa.selenium.remote.HttpCommandExecutor.execute(HttpCommandExecutor.java:158)
  org.openqa.selenium.remote.service.DriverCommandExecutor.execute(DriverCommandExecutor.java:83)
  org.openqa.selenium.remote.RemoteWebDriver.execute(RemoteWebDriver.java:552)
  org.openqa.selenium.remote.RemoteWebDriver.execute(RemoteWebDriver.java:609)
  org.openqa.selenium.remote.RemoteWebDriver.getScreenshotAs(RemoteWebDriver.java:295)
  com.sar.utilities.TestUtils.screencapture(TestUtils.java:23)
  com.sar.listners.CustomListeners.onTestFailure(CustomListeners.java:36)
  org.testng.internal.TestListenerHelper.runTestListeners(TestListenerHelper.java:96)
  org.testng.internal.TestInvoker.runTestResultListener(TestInvoker.java:219)
  org.testng.internal.TestInvoker.invokeMethod(TestInvoker.java:656)
  org.testng.internal.TestInvoker.invokeTestMethod(TestInvoker.java:173)
  org.testng.internal.MethodRunner.runInSequence(MethodRunner.java:46)
  org.testng.internal.TestInvoker$MethodInvocationAgent.invoke(TestInvoker.java:824)
  org.testng.internal.TestInvoker.invokeTestMethods(TestInvoker.java:146)
  org.testng.internal.TestMethodWorker.invokeTestMethods(TestMethodWorker.java:146)
  org.testng.internal.TestMethodWorker.run(TestMethodWorker.java:128)
  java.base/java.util.ArrayList.forEach(ArrayList.java:1541)
  org.testng.TestRunner.privateRun(TestRunner.java:794)
  org.testng.TestRunner.run(TestRunner.java:596)
  org.testng.SuiteRunner.runTest(SuiteRunner.java:377)
  org.testng.SuiteRunner.runSequentially(SuiteRunner.java:371)
  org.testng.SuiteRunner.privateRun(SuiteRunner.java:332)
  org.testng.SuiteRunner.run(SuiteRunner.java:276)
  org.testng.SuiteRunnerWorker.runSuite(SuiteRunnerWorker.java:53)
  org.testng.SuiteRunnerWorker.run(SuiteRunnerWorker.java:96)
  org.testng.TestNG.runSuitesSequentially(TestNG.java:1212)
  org.testng.TestNG.runSuitesLocally(TestNG.java:1134)
  org.testng.TestNG.runSuites(TestNG.java:1063)
  org.testng.TestNG.run(TestNG.java:1031)
  org.testng.remote.AbstractRemoteTestNG.run(AbstractRemoteTestNG.java:115)
  org.testng.remote.RemoteTestNG.initAndRun(RemoteTestNG.java:251)
  org.testng.remote.RemoteTestNG.main(RemoteTestNG.java:77)
]]>
      </failure>

          </testcase>
  
  
            <testcase name="addCustomer" time="5.783" classname="com.sar.testcases.AddCustomerTest" />
      
</testsuite>
